2025-08-28 20:33:31 [INFO] base.BaseTest - =========================================
2025-08-28 20:33:31 [INFO] base.BaseTest - ======== Test Execution Started =========
2025-08-28 20:33:31 [INFO] base.BaseTest - =========================================
2025-08-28 20:33:31 [INFO] base.BaseTest - Selected Browser: chrome
2025-08-28 20:33:41 [INFO] pages.LoginPage - Entered 'standard_user' into: UserName Field
2025-08-28 20:33:41 [INFO] pages.LoginPage - Entered 'secret_sauce' into: PasswordField
2025-08-28 20:33:42 [INFO] pages.LoginPage - Clicked on: Login Button
2025-08-28 20:33:47 [INFO] pages.LoginPage - Login submitted, navigating to Home Page.
2025-08-28 20:33:50 [INFO] utils.TestListener - ===== STARTING TEST: LoginUser =====
2025-08-28 20:33:50 [INFO] base.BaseTest - Currently product in cart: 0
2025-08-28 20:33:51 [INFO] pages.HomePage - Clicked on: Add Sauce Labs Backpack to cart
2025-08-28 20:33:51 [INFO] pages.HomePage - Clicked on: Add Sauce Labs Bike Light to cart
2025-08-28 20:33:51 [INFO] pages.HomePage - Clicked on: Add Sauce Labs Bolt T-Shirt to cart
2025-08-28 20:33:56 [INFO] base.BaseTest - Currently product in cart: 3
2025-08-28 20:33:57 [INFO] pages.HomePage - Clicked on: Remove Sauce Labs Backpack from cart
2025-08-28 20:33:57 [INFO] pages.HomePage - Clicked on: Remove Sauce Labs Bike Light from cart
2025-08-28 20:33:57 [INFO] pages.HomePage - Clicked on: Remove Sauce Labs Bolt T-Shirt from cart
2025-08-28 20:34:07 [INFO] utils.TestListener - ✅ TEST PASSED: LoginUser
2025-08-28 20:34:08 [INFO] base.BaseTest - Browser closed.
2025-08-28 20:34:08 [INFO] base.BaseTest - ===== Test Execution Finished =====
2025-08-28 20:34:08 [INFO] utils.TestListener - ===== FINISHED TEST SUITE: Login Tests =====
