2025-08-28 20:21:36 [INFO] base.BaseTest - =========================================
2025-08-28 20:21:36 [INFO] base.BaseTest - ======== Test Execution Started =========
2025-08-28 20:21:36 [INFO] base.BaseTest - =========================================
2025-08-28 20:21:36 [INFO] base.BaseTest - Selected Browser: chrome
2025-08-28 20:21:44 [INFO] pages.LoginPage - Entered 'standard_user' into: UserName Field
2025-08-28 20:21:45 [INFO] pages.LoginPage - Entered 'secret_sauce' into: PasswordField
2025-08-28 20:21:45 [INFO] pages.LoginPage - Clicked on: Login Button
2025-08-28 20:21:51 [INFO] pages.LoginPage - Login submitted, navigating to Home Page.
2025-08-28 20:21:54 [INFO] utils.TestListener - ===== STARTING TEST: testSortByNameAToZ =====
2025-08-28 20:21:54 [INFO] pages.HomePage - Sorted products by option: Name (A to Z)
2025-08-28 20:21:54 [INFO] utils.TestListener - ✅ TEST PASSED: testSortByNameAToZ
2025-08-28 20:21:54 [INFO] utils.TestListener - ===== STARTING TEST: testSortByNameZToA =====
2025-08-28 20:21:55 [INFO] pages.HomePage - Sorted products by option: Name (Z to A)
2025-08-28 20:21:55 [INFO] utils.TestListener - ✅ TEST PASSED: testSortByNameZToA
2025-08-28 20:21:55 [INFO] utils.TestListener - ===== STARTING TEST: testSortByPriceLowToHigh =====
2025-08-28 20:21:55 [INFO] pages.HomePage - Sorted products by option: Price (low to high)
2025-08-28 20:21:55 [INFO] utils.TestListener - ✅ TEST PASSED: testSortByPriceLowToHigh
2025-08-28 20:21:55 [INFO] utils.TestListener - ===== STARTING TEST: testSortByPriceHighToLow =====
2025-08-28 20:21:56 [INFO] pages.HomePage - Sorted products by option: Price (high to low)
2025-08-28 20:21:56 [INFO] utils.TestListener - ✅ TEST PASSED: testSortByPriceHighToLow
2025-08-28 20:21:59 [INFO] base.BaseTest - Browser closed.
2025-08-28 20:21:59 [INFO] base.BaseTest - ===== Test Execution Finished =====
2025-08-28 20:21:59 [INFO] utils.TestListener - ===== FINISHED TEST SUITE: Login Tests =====
