2025-09-07 23:19:01 [INFO] base.BaseTest - =========================================
2025-09-07 23:19:01 [INFO] base.BaseTest - ======== Test Execution Started =========
2025-09-07 23:19:01 [INFO] base.BaseTest - =========================================
2025-09-07 23:19:01 [INFO] base.BaseTest - Selected Browser: chrome
2025-09-07 23:19:01 [DEBUG] io.github.bonigarcia.wdm.WebDriverManager - Using WebDriverManager 6.2.0
2025-09-07 23:19:01 [DEBUG] io.github.bonigarcia.wdm.cache.ResolutionCache - Resolution chrome=139 in cache (valid until 23:40:26 07/09/2025 IST)
2025-09-07 23:19:01 [DEBUG] io.github.bonigarcia.wdm.cache.ResolutionCache - Resolution chrome139=139.0.7258.154 in cache (valid until 22:40:26 08/09/2025 IST)
2025-09-07 23:19:01 [INFO] io.github.bonigarcia.wdm.WebDriverManager - Using chromedriver 139.0.7258.154 (resolved driver for Chrome 139)
2025-09-07 23:19:01 [DEBUG] io.github.bonigarcia.wdm.WebDriverManager - Driver chromedriver 139.0.7258.154 found in cache
2025-09-07 23:19:01 [INFO] io.github.bonigarcia.wdm.WebDriverManager - Exporting webdriver.chrome.driver as C:\Users\raksh\.cache\selenium\chromedriver\win64\139.0.7258.154\chromedriver.exe
2025-09-07 23:19:06 [INFO] pages.LoginPage - Entered 'standard_user' into: UserName Field
2025-09-07 23:19:06 [INFO] pages.LoginPage - Entered 'secret_sauce' into: Password Field
2025-09-07 23:19:06 [INFO] pages.LoginPage - Clicked on: Login Button
2025-09-07 23:19:06 [INFO] pages.LoginPage - Login submitted.
2025-09-07 23:19:06 [INFO] utils.TestListener - ===== STARTING TEST: checkQuantity =====
2025-09-07 23:19:06 [INFO] base.BaseTest - Currently product in cart: 0
2025-09-07 23:19:06 [INFO] pages.HomePage - Clicked on: Add product: Sauce Labs Backpack
2025-09-07 23:19:06 [INFO] pages.HomePage - ✅ Added product: Sauce Labs Backpack
2025-09-07 23:19:06 [INFO] pages.HomePage - Clicked on: Add product: Sauce Labs Bike Light
2025-09-07 23:19:06 [INFO] pages.HomePage - ✅ Added product: Sauce Labs Bike Light
2025-09-07 23:19:07 [INFO] pages.HomePage - Clicked on: Add product: Sauce Labs Bolt T-Shirt
2025-09-07 23:19:07 [INFO] pages.HomePage - ✅ Added product: Sauce Labs Bolt T-Shirt
2025-09-07 23:19:12 [INFO] base.BaseTest - Currently product in cart: 3
2025-09-07 23:19:12 [INFO] pages.HomePage - Clicked on: Remove product: Sauce Labs Backpack
2025-09-07 23:19:12 [INFO] pages.HomePage - ✅ Removed product: Sauce Labs Backpack
2025-09-07 23:19:12 [INFO] pages.HomePage - Clicked on: Remove product: Sauce Labs Bike Light
2025-09-07 23:19:12 [INFO] pages.HomePage - ✅ Removed product: Sauce Labs Bike Light
2025-09-07 23:19:12 [INFO] pages.HomePage - Clicked on: Remove product: Sauce Labs Bolt T-Shirt
2025-09-07 23:19:12 [INFO] pages.HomePage - ✅ Removed product: Sauce Labs Bolt T-Shirt
2025-09-07 23:19:22 [INFO] utils.TestListener - ✅ TEST PASSED: checkQuantity
2025-09-07 23:19:22 [INFO] base.BaseTest - Browser closed.
2025-09-07 23:19:22 [INFO] base.BaseTest - ===== Test Execution Finished =====

