2025-09-07 22:43:30 [INFO] base.BaseTest - =========================================
2025-09-07 22:43:30 [INFO] base.BaseTest - ======== Test Execution Started =========
2025-09-07 22:43:30 [INFO] base.BaseTest - =========================================
2025-09-07 22:43:30 [INFO] base.BaseTest - Selected Browser: chrome
2025-09-07 22:43:30 [DEBUG] io.github.bonigarcia.wdm.WebDriverManager - Using WebDriverManager 6.2.0
2025-09-07 22:43:31 [DEBUG] io.github.bonigarcia.wdm.cache.ResolutionCache - Resolution chrome=139 in cache (valid until 23:40:26 07/09/2025 IST)
2025-09-07 22:43:31 [DEBUG] io.github.bonigarcia.wdm.cache.ResolutionCache - Resolution chrome139=139.0.7258.154 in cache (valid until 22:40:26 08/09/2025 IST)
2025-09-07 22:43:31 [INFO] io.github.bonigarcia.wdm.WebDriverManager - Using chromedriver 139.0.7258.154 (resolved driver for Chrome 139)
2025-09-07 22:43:32 [DEBUG] io.github.bonigarcia.wdm.WebDriverManager - Driver chromedriver 139.0.7258.154 found in cache
2025-09-07 22:43:32 [INFO] io.github.bonigarcia.wdm.WebDriverManager - Exporting webdriver.chrome.driver as C:\Users\raksh\.cache\selenium\chromedriver\win64\139.0.7258.154\chromedriver.exe
2025-09-07 22:43:36 [INFO] pages.LoginPage - Entered 'standard_user' into: UserName Field
2025-09-07 22:43:37 [INFO] pages.LoginPage - Entered 'secret_sauce' into: Password Field
2025-09-07 22:43:37 [INFO] pages.LoginPage - Clicked on: Login Button
2025-09-07 22:43:37 [INFO] pages.LoginPage - Login submitted.
2025-09-07 22:43:37 [INFO] utils.TestListener - ===== STARTING TEST: verifyCartPageOpens =====
2025-09-07 22:43:37 [INFO] pages.HomePage - Clicked on: Cart Button
2025-09-07 22:43:37 [INFO] pages.CartPage - ✅ Cart Page opened successfully.
2025-09-07 22:43:47 [INFO] utils.TestListener - ✅ TEST PASSED: verifyCartPageOpens
2025-09-07 22:43:47 [INFO] utils.TestListener - ===== STARTING TEST: verifyCartIsEmptyInitially =====
2025-09-07 22:43:47 [INFO] pages.CartPage - Cart contains 0 product(s).
2025-09-07 22:43:47 [INFO] utils.TestListener - ✅ TEST PASSED: verifyCartIsEmptyInitially
2025-09-07 22:43:47 [INFO] utils.TestListener - ===== STARTING TEST: verifyContinueShoppingButton =====
2025-09-07 22:43:48 [INFO] pages.CartPage - Clicked on: Continue Shopping
2025-09-07 22:43:48 [INFO] pages.CartPage - ✅ Clicked Continue Shopping button.
2025-09-07 22:43:49 [INFO] pages.HomePage - ✅ Home Page loaded successfully. Title: Products
2025-09-07 22:43:49 [INFO] utils.TestListener - ✅ TEST PASSED: verifyContinueShoppingButton
2025-09-07 22:43:50 [INFO] base.BaseTest - Browser closed.
2025-09-07 22:43:50 [INFO] base.BaseTest - ===== Test Execution Finished =====

