2025-08-29 22:25:24 [INFO] base.BaseTest - =========================================
2025-08-29 22:25:24 [INFO] base.BaseTest - ======== Test Execution Started =========
2025-08-29 22:25:24 [INFO] base.BaseTest - =========================================
2025-08-29 22:25:24 [INFO] base.BaseTest - Selected Browser: chrome
2025-08-29 22:25:28 [INFO] pages.LoginPage - Entered 'standard_user' into: UserName Field
2025-08-29 22:25:28 [INFO] pages.LoginPage - Entered 'secret_sauce' into: PasswordField
2025-08-29 22:25:28 [INFO] pages.LoginPage - Clicked on: Login Button
2025-08-29 22:25:33 [INFO] pages.LoginPage - Login submitted, navigating to Home Page.
2025-08-29 22:25:36 [INFO] utils.TestListener - ===== STARTING TEST: verifyCheckout =====
2025-08-29 22:25:36 [INFO] pages.HomePage - Clicked on: Cart Button
2025-08-29 22:25:36 [INFO] pages.CartPage - Cart is empty ✅
2025-08-29 22:25:40 [ERROR] pages.HomePage - ❌ Home Page did not load within expected time.
2025-08-29 22:25:40 [INFO] base.BaseTest - ⚠️ HomePage not open. Navigating back.
2025-08-29 22:25:40 [INFO] pages.CartPage - Clicked on: Continue Shopping
2025-08-29 22:25:40 [INFO] pages.CartPage - ✅ Clicked Continue Shopping button.
2025-08-29 22:25:40 [INFO] pages.HomePage - Clicked on: Add Sauce Labs Backpack to cart
2025-08-29 22:25:40 [INFO] pages.HomePage - Clicked on: Add Sauce Labs Bolt T-Shirt to cart
2025-08-29 22:25:40 [INFO] pages.HomePage - Clicked on: Cart Button
2025-08-29 22:25:40 [INFO] pages.CartPage - Checkout button enabled status: true
2025-08-29 22:25:40 [INFO] base.BaseTest - Checkout button enabled after adding products.
2025-08-29 22:25:40 [INFO] pages.CartPage - Clicked on: Checkout Button
2025-08-29 22:25:40 [INFO] pages.CartPage - Clicked Checkout button, navigating to CheckoutPage.
2025-08-29 22:25:41 [INFO] pages.CheckoutPage - Checkout Page opened successfully. Title: Checkout: Your Information
2025-08-29 22:25:41 [INFO] utils.TestListener - ✅ TEST PASSED: verifyCheckout
2025-08-29 22:25:41 [INFO] base.BaseTest - Browser closed.
2025-08-29 22:25:41 [INFO] base.BaseTest - ===== Test Execution Finished =====
2025-08-29 22:25:41 [INFO] utils.TestListener - ===== FINISHED TEST SUITE: CartPage Tests =====
