2025-09-07 22:47:30 [INFO] base.BaseTest - =========================================
2025-09-07 22:47:30 [INFO] base.BaseTest - ======== Test Execution Started =========
2025-09-07 22:47:30 [INFO] base.BaseTest - =========================================
2025-09-07 22:47:30 [INFO] base.BaseTest - Selected Browser: chrome
2025-09-07 22:47:30 [DEBUG] io.github.bonigarcia.wdm.WebDriverManager - Using WebDriverManager 6.2.0
2025-09-07 22:47:30 [DEBUG] io.github.bonigarcia.wdm.cache.ResolutionCache - Resolution chrome=139 in cache (valid until 23:40:26 07/09/2025 IST)
2025-09-07 22:47:30 [DEBUG] io.github.bonigarcia.wdm.cache.ResolutionCache - Resolution chrome139=139.0.7258.154 in cache (valid until 22:40:26 08/09/2025 IST)
2025-09-07 22:47:30 [INFO] io.github.bonigarcia.wdm.WebDriverManager - Using chromedriver 139.0.7258.154 (resolved driver for Chrome 139)
2025-09-07 22:47:30 [DEBUG] io.github.bonigarcia.wdm.WebDriverManager - Driver chromedriver 139.0.7258.154 found in cache
2025-09-07 22:47:30 [INFO] io.github.bonigarcia.wdm.WebDriverManager - Exporting webdriver.chrome.driver as C:\Users\raksh\.cache\selenium\chromedriver\win64\139.0.7258.154\chromedriver.exe
2025-09-07 22:47:34 [INFO] pages.LoginPage - Entered 'standard_user' into: UserName Field
2025-09-07 22:47:34 [INFO] pages.LoginPage - Entered 'secret_sauce' into: Password Field
2025-09-07 22:47:34 [INFO] pages.LoginPage - Clicked on: Login Button
2025-09-07 22:47:34 [INFO] pages.LoginPage - Login submitted.
2025-09-07 22:47:35 [INFO] pages.HomePage - Clicked on: Add product: Sauce Labs Backpack
2025-09-07 22:47:35 [INFO] pages.HomePage - ✅ Added product: Sauce Labs Backpack
2025-09-07 22:47:35 [INFO] pages.HomePage - Clicked on: Cart Button
2025-09-07 22:47:35 [INFO] pages.CartPage - ✅ Cart Page opened successfully.
2025-09-07 22:47:35 [INFO] pages.CartPage - Clicked on: Checkout Button
2025-09-07 22:47:35 [INFO] pages.CartPage - ✅ Navigating to CheckoutPage.
2025-09-07 22:47:35 [INFO] pages.CheckoutPage - ✅ Checkout Page opened successfully.
2025-09-07 22:47:35 [INFO] pages.CheckoutPage - Entered 'Rakshit' into: First Name
2025-09-07 22:47:36 [INFO] pages.CheckoutPage - Entered 'Bhadoria' into: Last Name
2025-09-07 22:47:36 [INFO] pages.CheckoutPage - Entered '123456' into: Postal Code
2025-09-07 22:47:36 [INFO] pages.CheckoutPage - ✅ Entered checkout info: Rakshit Bhadoria | 123456
2025-09-07 22:47:36 [INFO] pages.CheckoutPage - Clicked on: Continue Button
2025-09-07 22:47:36 [INFO] pages.CheckoutPage - ✅ Clicked Continue button.
2025-09-07 22:47:36 [INFO] pages.CheckoutPage - ✅ Checkout Overview Page opened successfully.
2025-09-07 22:47:36 [INFO] pages.CheckoutPage - Clicked on: Finish Button
2025-09-07 22:47:36 [INFO] pages.CheckoutPage - ✅ Clicked Finish button.
2025-09-07 22:47:36 [INFO] pages.ConfirmationPage - Verifying if order confirmation message is displayed.
2025-09-07 22:47:36 [INFO] utils.TestListener - ===== STARTING TEST: verifyOrderConfirmationMessage =====
2025-09-07 22:47:36 [INFO] base.BaseTest - Verifying order confirmation message is displayed.
2025-09-07 22:47:36 [INFO] pages.ConfirmationPage - Verifying if order confirmation message is displayed.
2025-09-07 22:47:36 [INFO] utils.TestListener - ✅ TEST PASSED: verifyOrderConfirmationMessage
2025-09-07 22:47:36 [INFO] utils.TestListener - ===== STARTING TEST: verifyBackHomeNavigation =====
2025-09-07 22:47:36 [INFO] base.BaseTest - Clicking Back Home button.
2025-09-07 22:47:36 [INFO] pages.ConfirmationPage - Clicking on 'Back Home' button.
2025-09-07 22:47:37 [INFO] pages.ConfirmationPage - Clicked on: Back Home button
2025-09-07 22:47:37 [INFO] utils.TestListener - ✅ TEST PASSED: verifyBackHomeNavigation
2025-09-07 22:47:37 [INFO] base.BaseTest - Browser closed.
2025-09-07 22:47:37 [INFO] base.BaseTest - ===== Test Execution Finished =====

2025-09-07 22:47:37 [INFO] utils.TestListener - ===== FINISHED TEST SUITE: Confirmation Tests =====
