2025-08-30 15:48:34 [INFO] base.BaseTest - =========================================
2025-08-30 15:48:34 [INFO] base.BaseTest - ======== Test Execution Started =========
2025-08-30 15:48:34 [INFO] base.BaseTest - =========================================
2025-08-30 15:48:34 [INFO] base.BaseTest - Selected Browser: chrome
2025-08-30 15:48:38 [INFO] pages.LoginPage - Entered 'standard_user' into: UserName Field
2025-08-30 15:48:38 [INFO] pages.LoginPage - Entered 'secret_sauce' into: PasswordField
2025-08-30 15:48:39 [INFO] pages.LoginPage - Clicked on: Login Button
2025-08-30 15:48:44 [INFO] pages.LoginPage - Login submitted, navigating to Home Page.
2025-08-30 15:48:47 [INFO] utils.TestListener - ===== STARTING TEST: checkQuantity =====
2025-08-30 15:48:47 [INFO] base.BaseTest - Currently product in cart: 0
2025-08-30 15:48:47 [INFO] pages.HomePage - Clicked on: Add Sauce Labs Backpack to cart
2025-08-30 15:48:47 [INFO] pages.HomePage - Clicked on: Add Sauce Labs Bike Light to cart
2025-08-30 15:48:48 [INFO] pages.HomePage - Clicked on: Add Sauce Labs Bolt T-Shirt to cart
2025-08-30 15:48:53 [INFO] base.BaseTest - Currently product in cart: 3
2025-08-30 15:48:53 [INFO] pages.HomePage - Clicked on: Remove Sauce Labs Backpack from cart
2025-08-30 15:48:53 [INFO] pages.HomePage - Clicked on: Remove Sauce Labs Bike Light from cart
2025-08-30 15:48:53 [INFO] pages.HomePage - Clicked on: Remove Sauce Labs Bolt T-Shirt from cart
2025-08-30 15:49:03 [INFO] utils.TestListener - ✅ TEST PASSED: checkQuantity
2025-08-30 15:49:04 [INFO] base.BaseTest - Browser closed.
2025-08-30 15:49:04 [INFO] base.BaseTest - ===== Test Execution Finished =====
