2025-09-07 23:17:05 [INFO] base.BaseTest - =========================================
2025-09-07 23:17:05 [INFO] base.BaseTest - ======== Test Execution Started =========
2025-09-07 23:17:05 [INFO] base.BaseTest - =========================================
2025-09-07 23:17:05 [INFO] base.BaseTest - Selected Browser: chrome
2025-09-07 23:17:05 [DEBUG] io.github.bonigarcia.wdm.WebDriverManager - Using WebDriverManager 6.2.0
2025-09-07 23:17:05 [DEBUG] io.github.bonigarcia.wdm.cache.ResolutionCache - Resolution chrome=139 in cache (valid until 23:40:26 07/09/2025 IST)
2025-09-07 23:17:05 [DEBUG] io.github.bonigarcia.wdm.cache.ResolutionCache - Resolution chrome139=139.0.7258.154 in cache (valid until 22:40:26 08/09/2025 IST)
2025-09-07 23:17:05 [INFO] io.github.bonigarcia.wdm.WebDriverManager - Using chromedriver 139.0.7258.154 (resolved driver for Chrome 139)
2025-09-07 23:17:05 [DEBUG] io.github.bonigarcia.wdm.WebDriverManager - Driver chromedriver 139.0.7258.154 found in cache
2025-09-07 23:17:05 [INFO] io.github.bonigarcia.wdm.WebDriverManager - Exporting webdriver.chrome.driver as C:\Users\raksh\.cache\selenium\chromedriver\win64\139.0.7258.154\chromedriver.exe
2025-09-07 23:17:08 [INFO] pages.LoginPage - Entered 'standard_user' into: UserName Field
2025-09-07 23:17:08 [INFO] pages.LoginPage - Entered 'secret_sauce' into: Password Field
2025-09-07 23:17:09 [INFO] pages.LoginPage - Clicked on: Login Button
2025-09-07 23:17:09 [INFO] pages.LoginPage - Login submitted.
2025-09-07 23:17:09 [INFO] pages.HomePage - Clicked on: Add product: Sauce Labs Backpack
2025-09-07 23:17:09 [INFO] pages.HomePage - ✅ Added product: Sauce Labs Backpack
2025-09-07 23:17:09 [INFO] pages.HomePage - Clicked on: Cart Button
2025-09-07 23:17:09 [INFO] pages.CartPage - ✅ Cart Page opened successfully.
2025-09-07 23:17:09 [INFO] pages.CartPage - Clicked on: Checkout Button
2025-09-07 23:17:09 [INFO] pages.CartPage - ✅ Navigating to CheckoutPage.
2025-09-07 23:17:09 [INFO] pages.CheckoutPage - ✅ Checkout Page opened successfully.
2025-09-07 23:17:09 [INFO] utils.TestListener - ===== STARTING TEST: testCheckoutProcess =====
2025-09-07 23:17:10 [INFO] pages.CheckoutPage - Entered 'John' into: First Name
2025-09-07 23:17:10 [INFO] pages.CheckoutPage - Entered 'Doe' into: Last Name
2025-09-07 23:17:10 [INFO] pages.CheckoutPage - Entered '12345' into: Postal Code
2025-09-07 23:17:10 [INFO] pages.CheckoutPage - ✅ Entered checkout info: John Doe | 12345
2025-09-07 23:17:10 [INFO] pages.CheckoutPage - Clicked on: Continue Button
2025-09-07 23:17:10 [INFO] pages.CheckoutPage - ✅ Clicked Continue button.
2025-09-07 23:17:10 [INFO] pages.CheckoutPage - ✅ Checkout Overview Page opened successfully.
2025-09-07 23:17:10 [INFO] utils.TestListener - ✅ TEST PASSED: testCheckoutProcess
2025-09-07 23:17:11 [INFO] pages.CheckoutPage - Clicked on: Open Side Bar
2025-09-07 23:17:11 [INFO] pages.CheckoutPage - Clicked on: All Items Button
2025-09-07 23:17:11 [INFO] pages.HomePage - ✅ Home Page loaded successfully. Title: Products
2025-09-07 23:17:11 [INFO] pages.HomePage - Clicked on: Cart Button
2025-09-07 23:17:11 [INFO] pages.CartPage - Clicked on: Checkout Button
2025-09-07 23:17:11 [INFO] pages.CartPage - ✅ Navigating to CheckoutPage.
2025-09-07 23:17:11 [INFO] pages.CheckoutPage - ✅ Checkout Page opened successfully.
2025-09-07 23:17:11 [INFO] utils.TestListener - ===== STARTING TEST: testCheckoutProcess =====
2025-09-07 23:17:12 [INFO] pages.CheckoutPage - Entered '' into: First Name
2025-09-07 23:17:12 [INFO] pages.CheckoutPage - Entered 'Doe' into: Last Name
2025-09-07 23:17:12 [INFO] pages.CheckoutPage - Entered '12345' into: Postal Code
2025-09-07 23:17:12 [INFO] pages.CheckoutPage - ✅ Entered checkout info:  Doe | 12345
2025-09-07 23:17:12 [INFO] pages.CheckoutPage - Clicked on: Continue Button
2025-09-07 23:17:12 [INFO] pages.CheckoutPage - ✅ Clicked Continue button.
2025-09-07 23:17:22 [DEBUG] pages.CheckoutPage - Checkout Overview Page not open yet.
2025-09-07 23:17:22 [WARN] pages.CheckoutPage - ⚠️ Checkout Error displayed: Error: First Name is required
2025-09-07 23:17:22 [WARN] pages.CheckoutPage - ⚠️ Checkout Error displayed: Error: First Name is required
2025-09-07 23:17:22 [INFO] utils.TestListener - ✅ TEST PASSED: testCheckoutProcess
2025-09-07 23:17:22 [INFO] pages.CheckoutPage - Clicked on: Open Side Bar
2025-09-07 23:17:33 [INFO] pages.CheckoutPage - Clicked on: All Items Button
2025-09-07 23:17:33 [INFO] pages.HomePage - ✅ Home Page loaded successfully. Title: Products
2025-09-07 23:17:33 [INFO] pages.HomePage - Clicked on: Cart Button
2025-09-07 23:17:34 [INFO] pages.CartPage - Clicked on: Checkout Button
2025-09-07 23:17:34 [INFO] pages.CartPage - ✅ Navigating to CheckoutPage.
2025-09-07 23:17:34 [INFO] pages.CheckoutPage - ✅ Checkout Page opened successfully.
2025-09-07 23:17:34 [INFO] utils.TestListener - ===== STARTING TEST: testCheckoutProcess =====
2025-09-07 23:17:35 [INFO] pages.CheckoutPage - Entered 'John' into: First Name
2025-09-07 23:17:35 [INFO] pages.CheckoutPage - Entered '' into: Last Name
2025-09-07 23:17:35 [INFO] pages.CheckoutPage - Entered '12345' into: Postal Code
2025-09-07 23:17:35 [INFO] pages.CheckoutPage - ✅ Entered checkout info: John  | 12345
2025-09-07 23:17:36 [INFO] pages.CheckoutPage - Clicked on: Continue Button
2025-09-07 23:17:36 [INFO] pages.CheckoutPage - ✅ Clicked Continue button.
2025-09-07 23:17:46 [DEBUG] pages.CheckoutPage - Checkout Overview Page not open yet.
2025-09-07 23:17:46 [WARN] pages.CheckoutPage - ⚠️ Checkout Error displayed: Error: Last Name is required
2025-09-07 23:17:46 [WARN] pages.CheckoutPage - ⚠️ Checkout Error displayed: Error: Last Name is required
2025-09-07 23:17:46 [INFO] utils.TestListener - ✅ TEST PASSED: testCheckoutProcess
2025-09-07 23:17:46 [INFO] pages.CheckoutPage - Clicked on: Open Side Bar
2025-09-07 23:17:56 [INFO] pages.CheckoutPage - Clicked on: All Items Button
2025-09-07 23:17:56 [INFO] pages.HomePage - ✅ Home Page loaded successfully. Title: Products
2025-09-07 23:17:56 [INFO] pages.HomePage - Clicked on: Cart Button
2025-09-07 23:17:56 [INFO] pages.CartPage - Clicked on: Checkout Button
2025-09-07 23:17:56 [INFO] pages.CartPage - ✅ Navigating to CheckoutPage.
2025-09-07 23:17:56 [INFO] pages.CheckoutPage - ✅ Checkout Page opened successfully.
2025-09-07 23:17:56 [INFO] utils.TestListener - ===== STARTING TEST: testCheckoutProcess =====
2025-09-07 23:17:56 [INFO] pages.CheckoutPage - Entered 'John' into: First Name
2025-09-07 23:17:57 [INFO] pages.CheckoutPage - Entered 'Doe' into: Last Name
2025-09-07 23:17:57 [INFO] pages.CheckoutPage - Entered '' into: Postal Code
2025-09-07 23:17:57 [INFO] pages.CheckoutPage - ✅ Entered checkout info: John Doe | 
2025-09-07 23:17:57 [INFO] pages.CheckoutPage - Clicked on: Continue Button
2025-09-07 23:17:57 [INFO] pages.CheckoutPage - ✅ Clicked Continue button.
2025-09-07 23:18:07 [DEBUG] pages.CheckoutPage - Checkout Overview Page not open yet.
2025-09-07 23:18:07 [WARN] pages.CheckoutPage - ⚠️ Checkout Error displayed: Error: Postal Code is required
2025-09-07 23:18:07 [WARN] pages.CheckoutPage - ⚠️ Checkout Error displayed: Error: Postal Code is required
2025-09-07 23:18:07 [INFO] utils.TestListener - ✅ TEST PASSED: testCheckoutProcess
2025-09-07 23:18:07 [INFO] pages.CheckoutPage - Clicked on: Open Side Bar
2025-09-07 23:18:17 [INFO] pages.CheckoutPage - Clicked on: All Items Button
2025-09-07 23:18:17 [INFO] pages.HomePage - ✅ Home Page loaded successfully. Title: Products
2025-09-07 23:18:17 [INFO] pages.HomePage - Clicked on: Cart Button
2025-09-07 23:18:18 [INFO] pages.CartPage - Clicked on: Checkout Button
2025-09-07 23:18:18 [INFO] pages.CartPage - ✅ Navigating to CheckoutPage.
2025-09-07 23:18:18 [INFO] pages.CheckoutPage - ✅ Checkout Page opened successfully.
2025-09-07 23:18:18 [INFO] utils.TestListener - ===== STARTING TEST: testCheckoutProcess =====
2025-09-07 23:18:18 [INFO] pages.CheckoutPage - Entered '' into: First Name
2025-09-07 23:18:18 [INFO] pages.CheckoutPage - Entered '' into: Last Name
2025-09-07 23:18:18 [INFO] pages.CheckoutPage - Entered '' into: Postal Code
2025-09-07 23:18:18 [INFO] pages.CheckoutPage - ✅ Entered checkout info:   | 
2025-09-07 23:18:18 [INFO] pages.CheckoutPage - Clicked on: Continue Button
2025-09-07 23:18:18 [INFO] pages.CheckoutPage - ✅ Clicked Continue button.
2025-09-07 23:18:28 [DEBUG] pages.CheckoutPage - Checkout Overview Page not open yet.
2025-09-07 23:18:28 [WARN] pages.CheckoutPage - ⚠️ Checkout Error displayed: Error: First Name is required
2025-09-07 23:18:28 [WARN] pages.CheckoutPage - ⚠️ Checkout Error displayed: Error: First Name is required
2025-09-07 23:18:28 [INFO] utils.TestListener - ✅ TEST PASSED: testCheckoutProcess
2025-09-07 23:18:28 [INFO] pages.CheckoutPage - Clicked on: Open Side Bar
2025-09-07 23:18:38 [INFO] pages.CheckoutPage - Clicked on: All Items Button
2025-09-07 23:18:39 [INFO] pages.HomePage - ✅ Home Page loaded successfully. Title: Products
2025-09-07 23:18:39 [INFO] pages.HomePage - Clicked on: Cart Button
2025-09-07 23:18:39 [INFO] pages.CartPage - Clicked on: Checkout Button
2025-09-07 23:18:39 [INFO] pages.CartPage - ✅ Navigating to CheckoutPage.
2025-09-07 23:18:39 [INFO] pages.CheckoutPage - ✅ Checkout Page opened successfully.
2025-09-07 23:18:39 [INFO] base.BaseTest - Browser closed.
2025-09-07 23:18:39 [INFO] base.BaseTest - ===== Test Execution Finished =====

