2025-08-29 12:40:51 [INFO] base.BaseTest - =========================================
2025-08-29 12:40:51 [INFO] base.BaseTest - ======== Test Execution Started =========
2025-08-29 12:40:51 [INFO] base.BaseTest - =========================================
2025-08-29 12:40:51 [INFO] base.BaseTest - Selected Browser: chrome
2025-08-29 12:41:02 [INFO] pages.LoginPage - Entered 'standard_user' into: UserName Field
2025-08-29 12:41:02 [INFO] pages.LoginPage - Entered 'secret_sauce' into: PasswordField
2025-08-29 12:41:03 [INFO] pages.LoginPage - Clicked on: Login Button
2025-08-29 12:41:08 [INFO] pages.LoginPage - Login submitted, navigating to Home Page.
2025-08-29 12:41:11 [INFO] utils.TestListener - ===== STARTING TEST: testCheckoutProcess =====
2025-08-29 12:41:11 [INFO] pages.HomePage - Clicked on: Add Sauce Labs Backpack to cart
2025-08-29 12:41:11 [INFO] pages.HomePage - Clicked on: Cart Button
2025-08-29 12:41:12 [INFO] pages.CartPage - Cart Page opened successfully. Title: Your Cart
2025-08-29 12:41:12 [INFO] pages.CartPage - Clicked on: Checkout Button
2025-08-29 12:41:12 [INFO] pages.CartPage - Clicked Checkout button, navigating to CheckoutPage.
2025-08-29 12:41:12 [INFO] pages.CheckoutPage - Checkout Page opened successfully. Title: Checkout: Your Information
2025-08-29 12:41:13 [INFO] pages.CheckoutPage - Entered 'John' into: First Name
2025-08-29 12:41:19 [INFO] pages.CheckoutPage - Entered 'Doe' into: Last Name
2025-08-29 12:41:19 [INFO] pages.CheckoutPage - Entered '12345' into: Postal Code
2025-08-29 12:41:19 [INFO] pages.CheckoutPage - Entered checkout info: John Doe | 12345
2025-08-29 12:41:19 [INFO] pages.CheckoutPage - Clicked on: Continue Button
2025-08-29 12:41:19 [INFO] pages.CheckoutPage - Clicked Continue button.
2025-08-29 12:41:19 [INFO] pages.CheckoutPage - ✅ Checkout Overview Page opened successfully.
2025-08-29 12:41:19 [INFO] utils.TestListener - ✅ TEST PASSED: testCheckoutProcess
2025-08-29 12:41:20 [INFO] base.BaseTest - Browser closed.
2025-08-29 12:41:20 [INFO] base.BaseTest - ===== Test Execution Finished =====
2025-08-29 12:41:20 [INFO] utils.TestListener - ===== FINISHED TEST SUITE: Login Tests =====
