2025-09-07 22:41:17 [INFO] base.BaseTest - =========================================
2025-09-07 22:41:17 [INFO] base.BaseTest - ======== Test Execution Started =========
2025-09-07 22:41:17 [INFO] base.BaseTest - =========================================
2025-09-07 22:41:17 [INFO] base.BaseTest - Selected Browser: chrome
2025-09-07 22:41:17 [DEBUG] io.github.bonigarcia.wdm.WebDriverManager - Using WebDriverManager 6.2.0
2025-09-07 22:41:17 [DEBUG] io.github.bonigarcia.wdm.cache.ResolutionCache - Resolution chrome=139 in cache (valid until 23:40:26 07/09/2025 IST)
2025-09-07 22:41:17 [DEBUG] io.github.bonigarcia.wdm.cache.ResolutionCache - Resolution chrome139=139.0.7258.154 in cache (valid until 22:40:26 08/09/2025 IST)
2025-09-07 22:41:17 [INFO] io.github.bonigarcia.wdm.WebDriverManager - Using chromedriver 139.0.7258.154 (resolved driver for Chrome 139)
2025-09-07 22:41:17 [DEBUG] io.github.bonigarcia.wdm.WebDriverManager - Driver chromedriver 139.0.7258.154 found in cache
2025-09-07 22:41:17 [INFO] io.github.bonigarcia.wdm.WebDriverManager - Exporting webdriver.chrome.driver as C:\Users\raksh\.cache\selenium\chromedriver\win64\139.0.7258.154\chromedriver.exe
2025-09-07 22:41:19 [INFO] utils.TestListener - ===== STARTING TEST: testSortByNameAToZ =====
2025-09-07 22:41:19 [WARN] utils.TestListener - ⚠️ TEST SKIPPED: testSortByNameAToZ
2025-09-07 22:41:19 [INFO] utils.TestListener - ===== STARTING TEST: testSortByNameZToA =====
2025-09-07 22:41:19 [WARN] utils.TestListener - ⚠️ TEST SKIPPED: testSortByNameZToA
2025-09-07 22:41:20 [INFO] utils.TestListener - ===== STARTING TEST: testSortByPriceLowToHigh =====
2025-09-07 22:41:20 [WARN] utils.TestListener - ⚠️ TEST SKIPPED: testSortByPriceLowToHigh
2025-09-07 22:41:20 [INFO] utils.TestListener - ===== STARTING TEST: testSortByPriceHighToLow =====
2025-09-07 22:41:20 [WARN] utils.TestListener - ⚠️ TEST SKIPPED: testSortByPriceHighToLow
2025-09-07 22:41:22 [INFO] base.BaseTest - Browser closed.
2025-09-07 22:41:22 [INFO] base.BaseTest - ===== Test Execution Finished =====

2025-09-07 22:41:22 [INFO] utils.TestListener - ===== FINISHED TEST SUITE: HomePage Tests =====
2025-09-07 22:41:22 [INFO] utils.TestListener - ===== STARTING TEST SUITE: Login Tests =====
