2025-09-07 23:18:45 [INFO] base.BaseTest - =========================================
2025-09-07 23:18:45 [INFO] base.BaseTest - ======== Test Execution Started =========
2025-09-07 23:18:45 [INFO] base.BaseTest - =========================================
2025-09-07 23:18:45 [INFO] base.BaseTest - Selected Browser: chrome
2025-09-07 23:18:45 [DEBUG] io.github.bonigarcia.wdm.WebDriverManager - Using WebDriverManager 6.2.0
2025-09-07 23:18:45 [DEBUG] io.github.bonigarcia.wdm.cache.ResolutionCache - Resolution chrome=139 in cache (valid until 23:40:26 07/09/2025 IST)
2025-09-07 23:18:45 [DEBUG] io.github.bonigarcia.wdm.cache.ResolutionCache - Resolution chrome139=139.0.7258.154 in cache (valid until 22:40:26 08/09/2025 IST)
2025-09-07 23:18:45 [INFO] io.github.bonigarcia.wdm.WebDriverManager - Using chromedriver 139.0.7258.154 (resolved driver for Chrome 139)
2025-09-07 23:18:45 [DEBUG] io.github.bonigarcia.wdm.WebDriverManager - Driver chromedriver 139.0.7258.154 found in cache
2025-09-07 23:18:45 [INFO] io.github.bonigarcia.wdm.WebDriverManager - Exporting webdriver.chrome.driver as C:\Users\raksh\.cache\selenium\chromedriver\win64\139.0.7258.154\chromedriver.exe
2025-09-07 23:18:48 [INFO] pages.LoginPage - Entered 'standard_user' into: UserName Field
2025-09-07 23:18:49 [INFO] pages.LoginPage - Entered 'secret_sauce' into: Password Field
2025-09-07 23:18:49 [INFO] pages.LoginPage - Clicked on: Login Button
2025-09-07 23:18:49 [INFO] pages.LoginPage - Login submitted.
2025-09-07 23:18:49 [INFO] utils.TestListener - ===== STARTING TEST: addProduct =====
2025-09-07 23:18:49 [INFO] pages.HomePage - Clicked on: Add product: Sauce Labs Backpack
2025-09-07 23:18:49 [INFO] pages.HomePage - ✅ Added product: Sauce Labs Backpack
2025-09-07 23:18:49 [INFO] pages.HomePage - Clicked on: Add product: Sauce Labs Bike Light
2025-09-07 23:18:49 [INFO] pages.HomePage - ✅ Added product: Sauce Labs Bike Light
2025-09-07 23:18:49 [INFO] pages.HomePage - Clicked on: Add product: Sauce Labs Bolt T-Shirt
2025-09-07 23:18:49 [INFO] pages.HomePage - ✅ Added product: Sauce Labs Bolt T-Shirt
2025-09-07 23:18:54 [INFO] utils.TestListener - ✅ TEST PASSED: addProduct
2025-09-07 23:18:54 [INFO] utils.TestListener - ===== STARTING TEST: addProductAndRemove =====
2025-09-07 23:18:54 [INFO] pages.HomePage - Clicked on: Add product: Sauce Labs Backpack
2025-09-07 23:18:54 [INFO] pages.HomePage - ✅ Added product: Sauce Labs Backpack
2025-09-07 23:18:54 [INFO] pages.HomePage - Clicked on: Add product: Sauce Labs Bike Light
2025-09-07 23:18:54 [INFO] pages.HomePage - ✅ Added product: Sauce Labs Bike Light
2025-09-07 23:18:54 [INFO] pages.HomePage - Clicked on: Add product: Sauce Labs Bolt T-Shirt
2025-09-07 23:18:54 [INFO] pages.HomePage - ✅ Added product: Sauce Labs Bolt T-Shirt
2025-09-07 23:18:59 [INFO] utils.TestListener - ✅ TEST PASSED: addProductAndRemove
2025-09-07 23:19:01 [INFO] base.BaseTest - Browser closed.
2025-09-07 23:19:01 [INFO] base.BaseTest - ===== Test Execution Finished =====

