2025-08-29 12:07:02 [INFO] base.BaseTest - =========================================
2025-08-29 12:07:02 [INFO] base.BaseTest - ======== Test Execution Started =========
2025-08-29 12:07:02 [INFO] base.BaseTest - =========================================
2025-08-29 12:07:02 [INFO] base.BaseTest - Selected Browser: chrome
2025-08-29 12:07:13 [INFO] pages.LoginPage - Entered 'standard_user' into: UserName Field
2025-08-29 12:07:14 [INFO] pages.LoginPage - Entered 'secret_sauce' into: PasswordField
2025-08-29 12:07:14 [INFO] pages.LoginPage - Clicked on: Login Button
2025-08-29 12:07:20 [INFO] pages.LoginPage - Login submitted, navigating to Home Page.
2025-08-29 12:07:23 [INFO] utils.TestListener - ===== STARTING TEST: verifyAddedProductsAreInCart =====
2025-08-29 12:07:23 [INFO] pages.HomePage - ✅ Home Page is open. Title: Products
2025-08-29 12:07:23 [INFO] base.BaseTest - Currently product in cart: 0
2025-08-29 12:07:23 [INFO] pages.HomePage - Clicked on: Add Sauce Labs Backpack to cart
2025-08-29 12:07:24 [INFO] pages.HomePage - Clicked on: Add Sauce Labs Bolt T-Shirt to cart
2025-08-29 12:07:24 [INFO] base.BaseTest - Currently product in cart: 2
2025-08-29 12:07:24 [INFO] pages.HomePage - Clicked on: Cart Button
2025-08-29 12:07:25 [INFO] pages.CartPage - Cart Page opened successfully. Title: Your Cart
2025-08-29 12:07:25 [INFO] base.BaseTest - Products inside cart: [Sauce Labs Backpack, Sauce Labs Bolt T-Shirt]
2025-08-29 12:07:25 [INFO] base.BaseTest - Cart products match with added products.
2025-08-29 12:07:25 [INFO] utils.TestListener - ✅ TEST PASSED: verifyAddedProductsAreInCart
2025-08-29 12:07:25 [INFO] utils.TestListener - ===== STARTING TEST: verifyCheckoutBehavior =====
2025-08-29 12:07:25 [INFO] pages.CartPage - Cart still has 2 product(s)
2025-08-29 12:07:25 [INFO] pages.CartPage - Clicked on: Remove Sauce Labs Backpack from cart
2025-08-29 12:07:25 [INFO] pages.CartPage - Removed product from cart: Sauce Labs Backpack
2025-08-29 12:07:25 [INFO] pages.CartPage - Clicked on: Remove Sauce Labs Bolt T-Shirt from cart
2025-08-29 12:07:25 [INFO] pages.CartPage - Removed product from cart: Sauce Labs Bolt T-Shirt
2025-08-29 12:07:25 [INFO] pages.CartPage - Cart is empty ✅
2025-08-29 12:07:25 [INFO] base.BaseTest - Cart cleared. Checkout button is disabled now.
2025-08-29 12:07:29 [ERROR] pages.HomePage - ❌ Home Page did not load within expected time.
2025-08-29 12:07:29 [INFO] base.BaseTest - ⚠️ HomePage not open. Navigating back.
2025-08-29 12:07:29 [INFO] pages.CartPage - Clicked on: Continue Shopping
2025-08-29 12:07:29 [INFO] pages.CartPage - ✅ Clicked Continue Shopping button.
2025-08-29 12:07:30 [INFO] pages.HomePage - Clicked on: Add Sauce Labs Backpack to cart
2025-08-29 12:07:30 [INFO] pages.HomePage - Clicked on: Add Sauce Labs Bolt T-Shirt to cart
2025-08-29 12:07:30 [INFO] pages.HomePage - Clicked on: Cart Button
2025-08-29 12:07:31 [INFO] pages.CartPage - Checkout button enabled status: true
2025-08-29 12:07:31 [INFO] base.BaseTest - Checkout button enabled after adding products.
2025-08-29 12:07:31 [INFO] pages.CartPage - Clicked on: Checkout Button
2025-08-29 12:07:31 [INFO] pages.CartPage - Clicked Checkout button, navigating to CheckoutPage.
2025-08-29 12:07:31 [INFO] pages.CheckoutPage - Checkout Page opened successfully. Title: Checkout: Your Information
2025-08-29 12:07:31 [INFO] utils.TestListener - ✅ TEST PASSED: verifyCheckoutBehavior
2025-08-29 12:07:33 [INFO] base.BaseTest - Browser closed.
2025-08-29 12:07:33 [INFO] base.BaseTest - ===== Test Execution Finished =====
2025-08-29 12:07:33 [INFO] utils.TestListener - ===== FINISHED TEST SUITE: Login Tests =====
