2025-08-29 10:34:49 [INFO] base.BaseTest - =========================================
2025-08-29 10:34:49 [INFO] base.BaseTest - ======== Test Execution Started =========
2025-08-29 10:34:49 [INFO] base.BaseTest - =========================================
2025-08-29 10:34:49 [INFO] base.BaseTest - Selected Browser: chrome
2025-08-29 10:34:55 [INFO] pages.LoginPage - Entered 'standard_user' into: UserName Field
2025-08-29 10:34:56 [INFO] pages.LoginPage - Entered 'secret_sauce' into: PasswordField
2025-08-29 10:34:56 [INFO] pages.LoginPage - Clicked on: Login Button
2025-08-29 10:35:01 [INFO] pages.LoginPage - Login submitted, navigating to Home Page.
2025-08-29 10:35:04 [INFO] utils.TestListener - ===== STARTING TEST: verifyCartPageOpens =====
2025-08-29 10:35:04 [INFO] pages.HomePage - Clicked on: Cart Button
2025-08-29 10:35:04 [INFO] pages.CartPage - Cart Page opened successfully. Title: Your Cart
2025-08-29 10:35:14 [INFO] utils.TestListener - ✅ TEST PASSED: verifyCartPageOpens
2025-08-29 10:35:14 [INFO] utils.TestListener - ===== STARTING TEST: verifyCartIsEmptyInitially =====
2025-08-29 10:35:14 [INFO] pages.CartPage - Cart is empty ✅
2025-08-29 10:35:14 [INFO] utils.TestListener - ✅ TEST PASSED: verifyCartIsEmptyInitially
2025-08-29 10:35:14 [INFO] utils.TestListener - ===== STARTING TEST: verifyAddedProductsAreInCart =====
2025-08-29 10:35:18 [ERROR] pages.HomePage - ❌ Home Page did not load within expected time.
2025-08-29 10:35:18 [INFO] base.BaseTest - ⚠️ HomePage not open. Navigating back.
2025-08-29 10:35:18 [INFO] pages.CartPage - Clicked on: Continue Shopping
2025-08-29 10:35:18 [INFO] pages.CartPage - ✅ Clicked Continue Shopping button.
2025-08-29 10:35:18 [INFO] base.BaseTest - Currently product in cart: 0
2025-08-29 10:35:18 [INFO] pages.HomePage - Clicked on: Add Sauce Labs Backpack to cart
2025-08-29 10:35:18 [INFO] pages.HomePage - Clicked on: Add Sauce Labs Bolt T-Shirt to cart
2025-08-29 10:35:18 [INFO] base.BaseTest - Currently product in cart: 2
2025-08-29 10:35:18 [INFO] pages.HomePage - Clicked on: Cart Button
2025-08-29 10:35:18 [INFO] pages.CartPage - Cart Page opened successfully. Title: Your Cart
2025-08-29 10:35:18 [INFO] base.BaseTest - Products inside cart: [Sauce Labs Backpack, Sauce Labs Bolt T-Shirt]
2025-08-29 10:35:18 [INFO] base.BaseTest - Cart products match with added products.
2025-08-29 10:35:18 [INFO] utils.TestListener - ✅ TEST PASSED: verifyAddedProductsAreInCart
2025-08-29 10:35:18 [INFO] utils.TestListener - ===== STARTING TEST: verifyRemoveProductFromCart =====
2025-08-29 10:35:18 [INFO] pages.CartPage - Clicked on: Remove Sauce Labs Bolt T-Shirt from cart
2025-08-29 10:35:18 [INFO] pages.CartPage - Removed product from cart: Sauce Labs Bolt T-Shirt
2025-08-29 10:35:18 [INFO] pages.CartPage - ❌ Product 'Sauce Labs Bike Light' not found in cart.
2025-08-29 10:35:18 [INFO] utils.TestListener - ✅ TEST PASSED: verifyRemoveProductFromCart
2025-08-29 10:35:18 [INFO] utils.TestListener - ===== STARTING TEST: verifyContinueShoppingButton =====
2025-08-29 10:35:19 [INFO] pages.CartPage - Clicked on: Continue Shopping
2025-08-29 10:35:19 [INFO] pages.CartPage - ✅ Clicked Continue Shopping button.
2025-08-29 10:35:19 [INFO] pages.HomePage - ✅ Home Page is open. Title: Products
2025-08-29 10:35:19 [INFO] utils.TestListener - ✅ TEST PASSED: verifyContinueShoppingButton
2025-08-29 10:35:19 [INFO] base.BaseTest - Browser closed.
2025-08-29 10:35:19 [INFO] base.BaseTest - ===== Test Execution Finished =====
2025-08-29 10:35:19 [INFO] utils.TestListener - ===== FINISHED TEST SUITE: Login Tests =====
