2025-08-29 15:02:46 [INFO] base.BaseTest - =========================================
2025-08-29 15:02:46 [INFO] base.BaseTest - ======== Test Execution Started =========
2025-08-29 15:02:46 [INFO] base.BaseTest - =========================================
2025-08-29 15:02:46 [INFO] base.BaseTest - Selected Browser: chrome
2025-08-29 15:02:58 [INFO] pages.LoginPage - Entered 'standard_user' into: UserName Field
2025-08-29 15:02:58 [INFO] pages.LoginPage - Entered 'secret_sauce' into: PasswordField
2025-08-29 15:02:58 [INFO] pages.LoginPage - Clicked on: Login Button
2025-08-29 15:03:04 [INFO] pages.LoginPage - Login submitted, navigating to Home Page.
2025-08-29 15:03:07 [INFO] pages.HomePage - Clicked on: Add Sauce Labs Backpack to cart
2025-08-29 15:03:08 [INFO] pages.HomePage - Clicked on: Cart Button
2025-08-29 15:03:08 [INFO] pages.CartPage - Cart Page opened successfully. Title: Your Cart
2025-08-29 15:03:08 [INFO] pages.CartPage - Clicked on: Checkout Button
2025-08-29 15:03:08 [INFO] pages.CartPage - Clicked Checkout button, navigating to CheckoutPage.
2025-08-29 15:03:08 [INFO] pages.CheckoutPage - Checkout Page opened successfully. Title: Checkout: Your Information
2025-08-29 15:03:09 [INFO] pages.CheckoutPage - Entered 'Rakshit' into: First Name
2025-08-29 15:03:14 [INFO] pages.CheckoutPage - Entered 'Bhadoria' into: Last Name
2025-08-29 15:03:14 [INFO] pages.CheckoutPage - Entered '123456' into: Postal Code
2025-08-29 15:03:14 [INFO] pages.CheckoutPage - Entered checkout info: Rakshit Bhadoria | 123456
2025-08-29 15:03:15 [INFO] pages.CheckoutPage - Clicked on: Continue Button
2025-08-29 15:03:15 [INFO] pages.CheckoutPage - Clicked Continue button.
2025-08-29 15:03:15 [INFO] pages.CheckoutPage - ✅ Checkout Overview Page opened successfully.
2025-08-29 15:03:15 [INFO] pages.CheckoutPage - Clicked on: Finish Button
2025-08-29 15:03:15 [INFO] pages.CheckoutPage - ✅ Clicked Finish button.
2025-08-29 15:03:15 [INFO] pages.ConfirmationPage - Checking if order confirmation message is displayed.
2025-08-29 15:03:15 [INFO] utils.TestListener - ===== STARTING TEST: verifyOrderConfirmationMessage =====
2025-08-29 15:03:15 [INFO] base.BaseTest - Verifying order confirmation message is displayed.
2025-08-29 15:03:15 [INFO] pages.ConfirmationPage - Checking if order confirmation message is displayed.
2025-08-29 15:03:15 [INFO] utils.TestListener - ✅ TEST PASSED: verifyOrderConfirmationMessage
2025-08-29 15:03:15 [INFO] utils.TestListener - ===== STARTING TEST: verifyBackHomeNavigation =====
2025-08-29 15:03:15 [INFO] base.BaseTest - Clicking Back Home button.
2025-08-29 15:03:15 [INFO] pages.ConfirmationPage - Clicking on 'Back Home' button.
2025-08-29 15:03:15 [INFO] pages.ConfirmationPage - Clicked on: Back to home button
2025-08-29 15:03:15 [INFO] utils.TestListener - ✅ TEST PASSED: verifyBackHomeNavigation
2025-08-29 15:03:16 [INFO] base.BaseTest - Browser closed.
2025-08-29 15:03:16 [INFO] base.BaseTest - ===== Test Execution Finished =====
2025-08-29 15:03:16 [INFO] utils.TestListener - ===== FINISHED TEST SUITE: Login Tests =====
