2025-08-30 15:49:04 [INFO] base.BaseTest - =========================================
2025-08-30 15:49:04 [INFO] base.BaseTest - ======== Test Execution Started =========
2025-08-30 15:49:04 [INFO] base.BaseTest - =========================================
2025-08-30 15:49:04 [INFO] base.BaseTest - Selected Browser: chrome
2025-08-30 15:49:08 [INFO] pages.LoginPage - Entered 'standard_user' into: UserName Field
2025-08-30 15:49:09 [INFO] pages.LoginPage - Entered 'secret_sauce' into: PasswordField
2025-08-30 15:49:09 [INFO] pages.LoginPage - Clicked on: Login Button
2025-08-30 15:49:14 [INFO] pages.LoginPage - Login submitted, navigating to Home Page.
2025-08-30 15:49:17 [INFO] utils.TestListener - ===== STARTING TEST: testSortByNameAToZ =====
2025-08-30 15:49:18 [INFO] pages.HomePage - Sorted products by option: Name (A to Z)
2025-08-30 15:49:18 [INFO] utils.TestListener - ✅ TEST PASSED: testSortByNameAToZ
2025-08-30 15:49:18 [INFO] utils.TestListener - ===== STARTING TEST: testSortByNameZToA =====
2025-08-30 15:49:18 [INFO] pages.HomePage - Sorted products by option: Name (Z to A)
2025-08-30 15:49:18 [INFO] utils.TestListener - ✅ TEST PASSED: testSortByNameZToA
2025-08-30 15:49:18 [INFO] utils.TestListener - ===== STARTING TEST: testSortByPriceLowToHigh =====
2025-08-30 15:49:19 [INFO] pages.HomePage - Sorted products by option: Price (low to high)
2025-08-30 15:49:19 [INFO] utils.TestListener - ✅ TEST PASSED: testSortByPriceLowToHigh
2025-08-30 15:49:19 [INFO] utils.TestListener - ===== STARTING TEST: testSortByPriceHighToLow =====
2025-08-30 15:49:19 [INFO] pages.HomePage - Sorted products by option: Price (high to low)
2025-08-30 15:49:19 [INFO] utils.TestListener - ✅ TEST PASSED: testSortByPriceHighToLow
2025-08-30 15:49:20 [INFO] base.BaseTest - Browser closed.
2025-08-30 15:49:20 [INFO] base.BaseTest - ===== Test Execution Finished =====
2025-08-30 15:49:20 [INFO] utils.TestListener - ===== FINISHED TEST SUITE: HomePage Tests =====
